[12756:21808:0621/145213.924:WARNING:t_skinfilemap.cpp(56)] SGRenderLog:CheckUpdate newMem.OpenMem failed, szNewMem:Local\sgime_skin.v2.filemap.sogouime err:系统错误2: 系统找不到指定的文件。  
打开Filemap失败: Local\sgime_skin.v2.filemap.sogouime3184cc495f7
[12756:21808:0621/145213.924:WARNING:t_skinfilemap.cpp(65)] SGRenderLog:CheckUpdate finish: old version:1
[12756:21808:0621/145213.924:WARNING:t_skinfilemap.cpp(67)] SGRenderLog:CheckUpdate finish: new version:2
[12756:21808:0621/145213.964:WARNING:t_skinfilemap.cpp(63)] SGRenderLog:CheckUpdate newMem.OpenMem Suc, szNewMem:Local\sgime_skin.Dpi192.v2.filemap.sogouime
[12756:21808:0621/145213.964:WARNING:t_skinfilemap.cpp(65)] SGRenderLog:CheckUpdate finish: old version:2
[12756:21808:0621/145213.965:WARNING:t_skinfilemap.cpp(67)] SGRenderLog:CheckUpdate finish: new version:2
[3256:21624:0626/211930.685:WARNING:t_skinfilemap.cpp(56)] SGRenderLog:CheckUpdate newMem.OpenMem failed, szNewMem:Local\sgime_skin.v3.filemap.sogouime err:系统错误2: 系统找不到指定的文件。  
打开Filemap失败: Local\sgime_skin.v3.filemap.sogouime3184cc495f7
[3256:21624:0626/211930.685:WARNING:t_skinfilemap.cpp(65)] SGRenderLog:CheckUpdate finish: old version:1
[3256:21624:0626/211930.685:WARNING:t_skinfilemap.cpp(67)] SGRenderLog:CheckUpdate finish: new version:3
[3256:21624:0626/211930.725:WARNING:t_skinfilemap.cpp(63)] SGRenderLog:CheckUpdate newMem.OpenMem Suc, szNewMem:Local\sgime_skin.Dpi192.v3.filemap.sogouime
[3256:21624:0626/211930.725:WARNING:t_skinfilemap.cpp(65)] SGRenderLog:CheckUpdate finish: old version:3
[3256:21624:0626/211930.725:WARNING:t_skinfilemap.cpp(67)] SGRenderLog:CheckUpdate finish: new version:3
[10908:22756:0626/215234.225:WARNING:t_skinfilemap.cpp(56)] SGRenderLog:CheckUpdate newMem.OpenMem failed, szNewMem:Local\sgime_skin.v3.filemap.sogouime err:系统错误2: 系统找不到指定的文件。  
打开Filemap失败: Local\sgime_skin.v3.filemap.sogouime3184cc495f7
[10908:22756:0626/215234.226:WARNING:t_skinfilemap.cpp(65)] SGRenderLog:CheckUpdate finish: old version:1
[10908:22756:0626/215234.226:WARNING:t_skinfilemap.cpp(67)] SGRenderLog:CheckUpdate finish: new version:3
[10908:22756:0626/215234.270:WARNING:t_skinfilemap.cpp(63)] SGRenderLog:CheckUpdate newMem.OpenMem Suc, szNewMem:Local\sgime_skin.Dpi192.v3.filemap.sogouime
[10908:22756:0626/215234.270:WARNING:t_skinfilemap.cpp(65)] SGRenderLog:CheckUpdate finish: old version:3
[10908:22756:0626/215234.270:WARNING:t_skinfilemap.cpp(67)] SGRenderLog:CheckUpdate finish: new version:3
